<?xml version="1.0" encoding="UTF-8"?>
<!-- Generated by org.testng.reporters.JUnitReportReporter -->
<testsuite skipped="0" hostname="karusala" name="qAcademyPackageTestCases.QAcademyHomePageNavigation" tests="1" failures="0" timestamp="07 Jul 2019 17:30:11 GMT" time="32.397" errors="0">
  <testcase name="navigateToHomePage" time="32.397" classname="qAcademyPackageTestCases.QAcademyHomePageNavigation"/>
</testsuite> <!-- qAcademyPackageTestCases.QAcademyHomePageNavigation -->
