<?xml version="1.0" encoding="UTF-8"?>
<!-- Generated by org.testng.reporters.JUnitReportReporter -->
<testsuite skipped="0" hostname="karusala" name="rediffPackageTestCases.RediffHomePageNavigation" tests="1" failures="0" timestamp="03 Jul 2019 14:03:11 GMT" time="103.309" errors="0">
  <testcase name="navigateToHomePage" time="103.309" classname="rediffPackageTestCases.RediffHomePageNavigation"/>
</testsuite> <!-- rediffPackageTestCases.RediffHomePageNavigation -->
