<?xml version="1.0" encoding="UTF-8"?>
<!-- Generated by org.testng.reporters.JUnitReportReporter -->
<testsuite skipped="0" hostname="karusala" name="qAcademyPackageTestCases.QAcademySigninPageNavigation" tests="1" failures="0" timestamp="07 Jul 2019 13:22:22 GMT" time="52.083" errors="0">
  <testcase name="navigateToHomePage" time="52.083" classname="qAcademyPackageTestCases.QAcademySigninPageNavigation"/>
</testsuite> <!-- qAcademyPackageTestCases.QAcademySigninPageNavigation -->
